{
  "stats": {
    "suites": 1,
    "tests": 6,
    "passes": 6,
    "pending": 0,
    "failures": 0,
    "start": "2024-10-26T01:26:54.213Z",
    "end": "2024-10-26T01:27:02.524Z",
    "duration": 8311,
    "testsRegistered": 6,
    "passPercent": 100,
    "pendingPercent": 0,
    "other": 0,
    "hasOther": false,
    "skipped": 0,
    "hasSkipped": false
  },
  "results": [
    {
      "uuid": "cbc6f33c-8422-4e23-be62-e5d419b301ef",
      "title": "",
      "fullFile": "cypress\\e2e\\Exercicio02.cy.js",
      "file": "cypress\\e2e\\Exercicio02.cy.js",
      "beforeHooks": [],
      "afterHooks": [],
      "tests": [],
      "suites": [
        {
          "uuid": "206614b4-4980-4f25-9fc0-a8cd9405f0a3",
          "title": "Cadastrar entradas e saídas com bugs",
          "fullFile": "",
          "file": "",
          "beforeHooks": [],
          "afterHooks": [],
          "tests": [
            {
              "title": "Cadastrar uma nova transação de entrada - falha 1",
              "fullTitle": "Cadastrar entradas e saídas com bugs Cadastrar uma nova transação de entrada - falha 1",
              "timedOut": null,
              "duration": 2185,
              "state": "passed",
              "speed": "fast",
              "pass": true,
              "fail": false,
              "pending": false,
              "context": "{\n  \"title\": \"cypress-mochawesome-reporter-videos-passed\",\n  \"value\": \"cypress\\\\e2e\\\\Exercicio02.cy.js\"\n}",
              "code": "cy.visit(\"https://devfinance-agilizei.netlify.app\");\ncy.contains(\"Nova Transação\").click();\ncy.get(\"#description\").type(\"Mesada\");\ncy.get(\"#amount\").type(100);\ncy.get(\"#date\").type(\"2023-02-01\");\ncy.get('button').click();\ncy.get(\"tbody tr\").should(\"have.length\", 1);",
              "err": {},
              "uuid": "2120a165-a13b-4696-8555-a1d714d3fa45",
              "parentUUID": "206614b4-4980-4f25-9fc0-a8cd9405f0a3",
              "isHook": false,
              "skipped": false
            },
            {
              "title": "Cadastrar uma nova transação de entrada - falha 2",
              "fullTitle": "Cadastrar entradas e saídas com bugs Cadastrar uma nova transação de entrada - falha 2",
              "timedOut": null,
              "duration": 939,
              "state": "passed",
              "speed": "fast",
              "pass": true,
              "fail": false,
              "pending": false,
              "context": "{\n  \"title\": \"cypress-mochawesome-reporter-videos-passed\",\n  \"value\": \"cypress\\\\e2e\\\\Exercicio02.cy.js\"\n}",
              "code": "cy.visit(\"https://devfinance-agilizei.netlify.app\");\ncy.contains(\"Nova Transação\").click();\ncy.get(\"#description\").type(\"Mesada\");\ncy.get(\"#amount\").type(100);\ncy.get(\"#date\").type(\"2023-02-01\");\ncy.get('button').click();\ncy.get(\"tbody tr\").should(\"have.length\", 1);",
              "err": {},
              "uuid": "6409dd80-3e36-41b1-a39d-be08821a65c8",
              "parentUUID": "206614b4-4980-4f25-9fc0-a8cd9405f0a3",
              "isHook": false,
              "skipped": false
            },
            {
              "title": "Cadastrar uma nova transação de entrada - falha 3",
              "fullTitle": "Cadastrar entradas e saídas com bugs Cadastrar uma nova transação de entrada - falha 3",
              "timedOut": null,
              "duration": 889,
              "state": "passed",
              "speed": "fast",
              "pass": true,
              "fail": false,
              "pending": false,
              "context": "{\n  \"title\": \"cypress-mochawesome-reporter-videos-passed\",\n  \"value\": \"cypress\\\\e2e\\\\Exercicio02.cy.js\"\n}",
              "code": "cy.visit(\"https://devfinance-agilizei.netlify.app\");\ncy.contains(\"Nova Transação\").click();\ncy.get(\"#description\").type(\"Mesada\");\ncy.get(\"#amount\").type(100);\ncy.get(\"#date\").type(\"2023-02-01\");\ncy.contains(\"Salvar\").click();\ncy.get(\"tbody tr\").should(\"have.length\", 1);",
              "err": {},
              "uuid": "a088377b-dd67-4070-b240-124ed074e99a",
              "parentUUID": "206614b4-4980-4f25-9fc0-a8cd9405f0a3",
              "isHook": false,
              "skipped": false
            },
            {
              "title": "Cadastrar uma nova transação de entrada - falha 4",
              "fullTitle": "Cadastrar entradas e saídas com bugs Cadastrar uma nova transação de entrada - falha 4",
              "timedOut": null,
              "duration": 889,
              "state": "passed",
              "speed": "fast",
              "pass": true,
              "fail": false,
              "pending": false,
              "context": "{\n  \"title\": \"cypress-mochawesome-reporter-videos-passed\",\n  \"value\": \"cypress\\\\e2e\\\\Exercicio02.cy.js\"\n}",
              "code": "cy.visit(\"https://devfinance-agilizei.netlify.app\");\ncy.contains(\"Nova Transação\").click();\ncy.get(\"#amount\").type(100);\ncy.get(\"#description\").type(\"Mesada\");\ncy.get(\"#date\").type(\"2023-02-01\");\ncy.contains(\"Salvar\").click();\ncy.get(\"tbody tr\").should(\"have.length\", 1);",
              "err": {},
              "uuid": "0f6d01a1-17f7-4d2f-98eb-7b41a1893683",
              "parentUUID": "206614b4-4980-4f25-9fc0-a8cd9405f0a3",
              "isHook": false,
              "skipped": false
            },
            {
              "title": "Cadastrar uma nova transação de entrada - falha 5",
              "fullTitle": "Cadastrar entradas e saídas com bugs Cadastrar uma nova transação de entrada - falha 5",
              "timedOut": null,
              "duration": 922,
              "state": "passed",
              "speed": "fast",
              "pass": true,
              "fail": false,
              "pending": false,
              "context": "{\n  \"title\": \"cypress-mochawesome-reporter-videos-passed\",\n  \"value\": \"cypress\\\\e2e\\\\Exercicio02.cy.js\"\n}",
              "code": "cy.visit(\"https://devfinance-agilizei.netlify.app\");\ncy.contains(\"Nova Transação\").click();\ncy.get(\"#description\").type(\"Mesada\");\ncy.get(\"#amount\").type(100);\ncy.get(\"#date\").type(\"2023-02-01\");\ncy.contains(\"Salvar\").click();\ncy.get(\"tbody tr\").should(\"have.length\", 1);",
              "err": {},
              "uuid": "bda4380b-3965-4e16-827c-fbcbe135a215",
              "parentUUID": "206614b4-4980-4f25-9fc0-a8cd9405f0a3",
              "isHook": false,
              "skipped": false
            },
            {
              "title": "Cadastrar uma nova transação de entrada - falha 6",
              "fullTitle": "Cadastrar entradas e saídas com bugs Cadastrar uma nova transação de entrada - falha 6",
              "timedOut": null,
              "duration": 870,
              "state": "passed",
              "speed": "fast",
              "pass": true,
              "fail": false,
              "pending": false,
              "context": "{\n  \"title\": \"cypress-mochawesome-reporter-videos-passed\",\n  \"value\": \"cypress\\\\e2e\\\\Exercicio02.cy.js\"\n}",
              "code": "cy.visit(\"https://devfinance-agilizei.netlify.app\");\ncy.contains(\"Nova Transação\").click();\ncy.get(\"#description\").type(\"Mesada\");\ncy.get(\"#amount\").type(100);\ncy.get(\"#date\").type(\"2023-02-01\");\ncy.contains(\"Salvar\").click();\ncy.get(\"tbody tr\").should(\"have.length\", 1);",
              "err": {},
              "uuid": "e3453e5c-2261-4449-bfba-8888ea66b241",
              "parentUUID": "206614b4-4980-4f25-9fc0-a8cd9405f0a3",
              "isHook": false,
              "skipped": false
            }
          ],
          "suites": [],
          "passes": [
            "2120a165-a13b-4696-8555-a1d714d3fa45",
            "6409dd80-3e36-41b1-a39d-be08821a65c8",
            "a088377b-dd67-4070-b240-124ed074e99a",
            "0f6d01a1-17f7-4d2f-98eb-7b41a1893683",
            "bda4380b-3965-4e16-827c-fbcbe135a215",
            "e3453e5c-2261-4449-bfba-8888ea66b241"
          ],
          "failures": [],
          "pending": [],
          "skipped": [],
          "duration": 6694,
          "root": false,
          "rootEmpty": false,
          "_timeout": 2000
        }
      ],
      "passes": [],
      "failures": [],
      "pending": [],
      "skipped": [],
      "duration": 0,
      "root": true,
      "rootEmpty": true,
      "_timeout": 2000
    }
  ],
  "meta": {
    "mocha": {
      "version": "7.0.1"
    },
    "mochawesome": {
      "options": {
        "quiet": false,
        "reportFilename": "mochawesome",
        "saveHtml": false,
        "saveJson": true,
        "consoleReporter": "spec",
        "useInlineDiffs": false,
        "code": true
      },
      "version": "7.1.3"
    },
    "marge": {
      "options": {
        "overwrite": false,
        "html": false,
        "json": true,
        "reportDir": "cypress\\reports\\html\\.jsons"
      },
      "version": "6.2.0"
    }
  }
}